f:\code\barsdetect--alson\socketserver\x64\debug\socketdlg.obj
f:\code\barsdetect--alson\socketserver\x64\debug\socketmodule.obj
f:\code\barsdetect--alson\socketserver\x64\debug\vc140.pdb
f:\code\barsdetect--alson\socketserver\x64\debug\moc_socketmodule.obj
f:\code\barsdetect--alson\socketserver\x64\debug\moc_socketdlg.obj
f:\code\barsdetect--alson\bin\debug\socketmodule.ilk
f:\code\barsdetect--alson\bin\debug\socketmodule.dll
f:\code\barsdetect--alson\bin\debug\socketmodule.pdb
f:\code\barsdetect--alson\socketserver\.\generatedfiles\debug\moc_socketmodule.cpp
f:\code\barsdetect--alson\socketserver\.\generatedfiles\debug\moc_socketdlg.cpp
f:\code\barsdetect--alson\socketserver\x64\debug\socketmodule.res
f:\code\barsdetect--alson\socketserver\generatedfiles\ui_socketdlg.h
f:\code\barsdetect--alson\socketserver\generatedfiles\debug\moc_socketmodule.cpp
f:\code\barsdetect--alson\socketserver\generatedfiles\debug\moc_socketdlg.cpp
f:\code\barsdetect--alson\bin\debug\socketmodule.lib
f:\code\barsdetect--alson\bin\debug\socketmodule.exp
f:\code\barsdetect--alson\socketserver\.\generatedfiles\ui_socketdlg.h
c:\users\siyuan\documents\wxwork\1688850749110088\cache\file\2021-04\barsdetect--alson\barsdetect--alson\socketserver\x64\debug\moc_socketdlg.obj
c:\users\siyuan\documents\wxwork\1688850749110088\cache\file\2021-04\barsdetect--alson\barsdetect--alson\socketserver\x64\debug\moc_socketmodule.obj
c:\users\siyuan\documents\wxwork\1688850749110088\cache\file\2021-04\barsdetect--alson\barsdetect--alson\socketserver\x64\debug\socketdlg.obj
c:\users\siyuan\documents\wxwork\1688850749110088\cache\file\2021-04\barsdetect--alson\barsdetect--alson\socketserver\x64\debug\socketmodule.obj
c:\users\siyuan\documents\wxwork\1688850749110088\cache\file\2021-04\barsdetect--alson\barsdetect--alson\socketserver\x64\debug\socketmodule.res
c:\users\siyuan\documents\wxwork\1688850749110088\cache\file\2021-04\barsdetect--alson\barsdetect--alson\socketserver\x64\debug\vc140.pdb
c:\users\siyuan\documents\wxwork\1688850749110088\cache\file\2021-04\barsdetect--alson\barsdetect--alson\socketserver\..\bin\debug\socketmodule.dll
c:\users\siyuan\documents\wxwork\1688850749110088\cache\file\2021-04\barsdetect--alson\barsdetect--alson\socketserver\x64\debug\socketmodule.tlog\cl.command.1.tlog
c:\users\siyuan\documents\wxwork\1688850749110088\cache\file\2021-04\barsdetect--alson\barsdetect--alson\socketserver\x64\debug\socketmodule.tlog\cl.read.1.tlog
c:\users\siyuan\documents\wxwork\1688850749110088\cache\file\2021-04\barsdetect--alson\barsdetect--alson\socketserver\x64\debug\socketmodule.tlog\cl.write.1.tlog
c:\users\siyuan\documents\wxwork\1688850749110088\cache\file\2021-04\barsdetect--alson\barsdetect--alson\socketserver\x64\debug\socketmodule.tlog\link.command.1.tlog
c:\users\siyuan\documents\wxwork\1688850749110088\cache\file\2021-04\barsdetect--alson\barsdetect--alson\socketserver\x64\debug\socketmodule.tlog\link.read.1.tlog
c:\users\siyuan\documents\wxwork\1688850749110088\cache\file\2021-04\barsdetect--alson\barsdetect--alson\socketserver\x64\debug\socketmodule.tlog\link.write.1.tlog
c:\users\siyuan\documents\wxwork\1688850749110088\cache\file\2021-04\barsdetect--alson\barsdetect--alson\socketserver\x64\debug\socketmodule.tlog\moc.read.1u.tlog
c:\users\siyuan\documents\wxwork\1688850749110088\cache\file\2021-04\barsdetect--alson\barsdetect--alson\socketserver\x64\debug\socketmodule.tlog\moc.write.1u.tlog
c:\users\siyuan\documents\wxwork\1688850749110088\cache\file\2021-04\barsdetect--alson\barsdetect--alson\socketserver\x64\debug\socketmodule.tlog\rc.command.1.tlog
c:\users\siyuan\documents\wxwork\1688850749110088\cache\file\2021-04\barsdetect--alson\barsdetect--alson\socketserver\x64\debug\socketmodule.tlog\rc.read.1.tlog
c:\users\siyuan\documents\wxwork\1688850749110088\cache\file\2021-04\barsdetect--alson\barsdetect--alson\socketserver\x64\debug\socketmodule.tlog\rc.write.1.tlog
c:\users\siyuan\documents\wxwork\1688850749110088\cache\file\2021-04\barsdetect--alson\barsdetect--alson\socketserver\x64\debug\socketmodule.tlog\socketmodule.write.1u.tlog
c:\users\siyuan\documents\wxwork\1688850749110088\cache\file\2021-04\barsdetect--alson\barsdetect--alson\socketserver\x64\debug\socketmodule.tlog\uic.read.1u.tlog
c:\users\siyuan\documents\wxwork\1688850749110088\cache\file\2021-04\barsdetect--alson\barsdetect--alson\socketserver\x64\debug\socketmodule.tlog\uic.write.1u.tlog
