d:\code\hcode\002_count\barscount\socketserver\x64\debug\moc_socketserver.obj
d:\code\hcode\002_count\barscount\socketserver\x64\debug\socketserver.obj
d:\code\hcode\002_count\barscount\socketserver\x64\debug\vc140.pdb
f:\code\sghang\socketserver\x64\debug\vc140.pdb
f:\code\sghang\socketserver\x64\debug\socketserver.obj
f:\code\sghang\socketserver\x64\debug\moc_socketserver.obj
f:\code\sghang\socketserver\x64\debug\moc_socketserver.asm
d:\code\hcode\002_count\barscount\bin\debug\socketserver.ilk
d:\code\hcode\002_count\barscount\bin\debug\socketserver.dll
d:\code\hcode\002_count\barscount\bin\debug\socketserver.pdb
f:\code\sghang\bin\debug\socketserver.ilk
f:\code\sghang\bin\debug\socketserver.dll
f:\code\sghang\bin\debug\socketserver.pdb
f:\code\sghang\socketserver\.\generatedfiles\debug\moc_socketserver.cpp
d:\code\hcode\002_count\barscount\socketserver\generatedfiles\debug\moc_socketserver.cpp
d:\code\hcode\002_count\barscount\bin\debug\socketserver.lib
d:\code\hcode\002_count\barscount\bin\debug\socketserver.exp
f:\code\sghang\socketserver\generatedfiles\debug\moc_socketserver.cpp
f:\code\sghang\bin\debug\socketserver.lib
f:\code\sghang\bin\debug\socketserver.exp
f:\code\sghang\socketserver\..\bin\debug\socketserver.dll
f:\code\sghang\socketserver\x64\debug\socketserver.tlog\cl.command.1.tlog
f:\code\sghang\socketserver\x64\debug\socketserver.tlog\cl.read.1.tlog
f:\code\sghang\socketserver\x64\debug\socketserver.tlog\cl.write.1.tlog
f:\code\sghang\socketserver\x64\debug\socketserver.tlog\link.command.1.tlog
f:\code\sghang\socketserver\x64\debug\socketserver.tlog\link.read.1.tlog
f:\code\sghang\socketserver\x64\debug\socketserver.tlog\link.write.1.tlog
f:\code\sghang\socketserver\x64\debug\socketserver.tlog\moc.read.1u.tlog
f:\code\sghang\socketserver\x64\debug\socketserver.tlog\moc.write.1u.tlog
f:\code\sghang\socketserver\x64\debug\socketserver.tlog\socketserver.write.1u.tlog
