f:\code\bardetect\socketserver\x64\release\socketmodule.obj
f:\code\bardetect\socketserver\x64\release\socketdlg.obj
f:\code\bardetect\socketserver\x64\release\moc_socketmodule.obj
f:\code\bardetect\socketserver\x64\release\moc_socketdlg.obj
f:\code\barsdetect--alson\socketserver\x64\release\socketmodule.obj
f:\code\barsdetect--alson\socketserver\x64\release\socketdlg.obj
f:\code\barsdetect--alson\socketserver\x64\release\moc_socketmodule.obj
f:\code\barsdetect--alson\socketserver\x64\release\moc_socketdlg.obj
f:\code\bardetect\bin\release\socketmodule.dll
f:\code\barsdetect--alson\bin\release\socketmodule.dll
f:\code\barsdetect--alson\socketserver\.\generatedfiles\release\moc_socketmodule.cpp
f:\code\barsdetect--alson\socketserver\.\generatedfiles\release\moc_socketdlg.cpp
f:\code\bardetect\socketserver\x64\release\socketmodule.res
f:\code\barsdetect--alson\socketserver\x64\release\socketmodule.res
f:\code\bardetect\socketserver\generatedfiles\release\moc_socketmodule.cpp
f:\code\bardetect\socketserver\generatedfiles\release\moc_socketdlg.cpp
f:\code\bardetect\bin\release\socketmodule.lib
f:\code\bardetect\bin\release\socketmodule.exp
f:\code\barsdetect--alson\socketserver\generatedfiles\ui_socketdlg.h
f:\code\barsdetect--alson\socketserver\generatedfiles\release\moc_socketdlg.cpp
f:\code\barsdetect--alson\socketserver\generatedfiles\release\moc_socketmodule.cpp
f:\code\barsdetect--alson\bin\release\socketmodule.lib
f:\code\barsdetect--alson\bin\release\socketmodule.exp
f:\code\barsdetect--alson\socketserver\.\generatedfiles\ui_socketdlg.h
c:\users\siyuan\documents\wxwork\1688850749110088\cache\file\2021-04\barsdetect--alson\barsdetect--alson\socketserver\x64\release\moc_socketdlg.obj
c:\users\siyuan\documents\wxwork\1688850749110088\cache\file\2021-04\barsdetect--alson\barsdetect--alson\socketserver\x64\release\moc_socketmodule.obj
c:\users\siyuan\documents\wxwork\1688850749110088\cache\file\2021-04\barsdetect--alson\barsdetect--alson\socketserver\x64\release\socketdlg.obj
c:\users\siyuan\documents\wxwork\1688850749110088\cache\file\2021-04\barsdetect--alson\barsdetect--alson\socketserver\x64\release\socketmodule.obj
c:\users\siyuan\documents\wxwork\1688850749110088\cache\file\2021-04\barsdetect--alson\barsdetect--alson\socketserver\x64\release\socketmodule.res
c:\users\siyuan\documents\wxwork\1688850749110088\cache\file\2021-04\barsdetect--alson\barsdetect--alson\socketserver\..\bin\release\socketmodule.dll
c:\users\siyuan\documents\wxwork\1688850749110088\cache\file\2021-04\barsdetect--alson\barsdetect--alson\socketserver\x64\release\socketmodule.tlog\cl.command.1.tlog
c:\users\siyuan\documents\wxwork\1688850749110088\cache\file\2021-04\barsdetect--alson\barsdetect--alson\socketserver\x64\release\socketmodule.tlog\cl.read.1.tlog
c:\users\siyuan\documents\wxwork\1688850749110088\cache\file\2021-04\barsdetect--alson\barsdetect--alson\socketserver\x64\release\socketmodule.tlog\cl.write.1.tlog
c:\users\siyuan\documents\wxwork\1688850749110088\cache\file\2021-04\barsdetect--alson\barsdetect--alson\socketserver\x64\release\socketmodule.tlog\link.command.1.tlog
c:\users\siyuan\documents\wxwork\1688850749110088\cache\file\2021-04\barsdetect--alson\barsdetect--alson\socketserver\x64\release\socketmodule.tlog\link.read.1.tlog
c:\users\siyuan\documents\wxwork\1688850749110088\cache\file\2021-04\barsdetect--alson\barsdetect--alson\socketserver\x64\release\socketmodule.tlog\link.write.1.tlog
c:\users\siyuan\documents\wxwork\1688850749110088\cache\file\2021-04\barsdetect--alson\barsdetect--alson\socketserver\x64\release\socketmodule.tlog\moc.read.1u.tlog
c:\users\siyuan\documents\wxwork\1688850749110088\cache\file\2021-04\barsdetect--alson\barsdetect--alson\socketserver\x64\release\socketmodule.tlog\moc.write.1u.tlog
c:\users\siyuan\documents\wxwork\1688850749110088\cache\file\2021-04\barsdetect--alson\barsdetect--alson\socketserver\x64\release\socketmodule.tlog\rc.command.1.tlog
c:\users\siyuan\documents\wxwork\1688850749110088\cache\file\2021-04\barsdetect--alson\barsdetect--alson\socketserver\x64\release\socketmodule.tlog\rc.read.1.tlog
c:\users\siyuan\documents\wxwork\1688850749110088\cache\file\2021-04\barsdetect--alson\barsdetect--alson\socketserver\x64\release\socketmodule.tlog\rc.write.1.tlog
c:\users\siyuan\documents\wxwork\1688850749110088\cache\file\2021-04\barsdetect--alson\barsdetect--alson\socketserver\x64\release\socketmodule.tlog\socketmodule.write.1u.tlog
c:\users\siyuan\documents\wxwork\1688850749110088\cache\file\2021-04\barsdetect--alson\barsdetect--alson\socketserver\x64\release\socketmodule.tlog\uic.read.1u.tlog
c:\users\siyuan\documents\wxwork\1688850749110088\cache\file\2021-04\barsdetect--alson\barsdetect--alson\socketserver\x64\release\socketmodule.tlog\uic.write.1u.tlog
