d:\code\hcode\002_count\barscount\socketserver\x64\release\moc_socketserver.obj
d:\code\hcode\002_count\barscount\socketserver\x64\release\socketserver.obj
f:\code\barscount\socketserver\x64\release\socketserver.obj
f:\code\barscount\socketserver\x64\release\moc_socketserver.obj
d:\code\hcode\002_count\barscount\bin\release\socketserver.dll
f:\code\barscount\bin\release\socketserver.dll
f:\code\barscount\socketserver\.\generatedfiles\release\moc_socketserver.cpp
d:\code\hcode\002_count\barscount\socketserver\generatedfiles\release\moc_socketserver.cpp
d:\code\hcode\002_count\barscount\bin\release\socketserver.lib
d:\code\hcode\002_count\barscount\bin\release\socketserver.exp
f:\code\barscount\socketserver\generatedfiles\release\moc_socketserver.cpp
f:\code\barscount\bin\release\socketserver.lib
f:\code\barscount\bin\release\socketserver.exp
f:\code\barscount\socketserver\..\bin\release\socketserver.dll
f:\code\barscount\socketserver\x64\release\socketserver.tlog\cl.command.1.tlog
f:\code\barscount\socketserver\x64\release\socketserver.tlog\cl.read.1.tlog
f:\code\barscount\socketserver\x64\release\socketserver.tlog\cl.write.1.tlog
f:\code\barscount\socketserver\x64\release\socketserver.tlog\link.command.1.tlog
f:\code\barscount\socketserver\x64\release\socketserver.tlog\link.read.1.tlog
f:\code\barscount\socketserver\x64\release\socketserver.tlog\link.write.1.tlog
f:\code\barscount\socketserver\x64\release\socketserver.tlog\moc.read.1u.tlog
f:\code\barscount\socketserver\x64\release\socketserver.tlog\moc.write.1u.tlog
f:\code\barscount\socketserver\x64\release\socketserver.tlog\socketserver.write.1u.tlog
